Start testing: Dec 22 23:15 WET
----------------------------------------------------------
1/3 Testing: userManager-gtests
1/3 Test: userManager-gtests
Command: "/home/enrique/Escritorio/FIN/IS/build/tests/userManager-test"
Directory: /home/enrique/Escritorio/FIN/IS/build/tests
"userManager-gtests" start time: Dec 22 23:15 WET
Output:
----------------------------------------------------------
[==========] Running 1 test from 1 test suite.
[----------] Global test environment set-up.
[----------] 1 test from userManagerTest
[ RUN      ] userManagerTest.Login
LOGUEADO CON EXITO
Usuario o contraseña incorrectos.
Usuario o contraseña incorrectos.
Usuario o contraseña incorrectos.
[       OK ] userManagerTest.Login (0 ms)
[----------] 1 test from userManagerTest (0 ms total)

[----------] Global test environment tear-down
[==========] 1 test from 1 test suite ran. (0 ms total)
[  PASSED  ] 1 test.
<end of output>
Test time =   0.01 sec
----------------------------------------------------------
Test Passed.
"userManager-gtests" end time: Dec 22 23:15 WET
"userManager-gtests" time elapsed: 00:00:00
----------------------------------------------------------

2/3 Testing: organizador-gtests
2/3 Test: organizador-gtests
Command: "/home/enrique/Escritorio/FIN/IS/build/tests/organizador-test"
Directory: /home/enrique/Escritorio/FIN/IS/build/tests
"organizador-gtests" start time: Dec 22 23:15 WET
Output:
----------------------------------------------------------
[==========] Running 1 test from 1 test suite.
[----------] Global test environment set-up.
[----------] 1 test from organizadorTest
[ RUN      ] organizadorTest.Cambiarestado
[       OK ] organizadorTest.Cambiarestado (0 ms)
[----------] 1 test from organizadorTest (0 ms total)

[----------] Global test environment tear-down
[==========] 1 test from 1 test suite ran. (0 ms total)
[  PASSED  ] 1 test.
<end of output>
Test time =   0.00 sec
----------------------------------------------------------
Test Passed.
"organizador-gtests" end time: Dec 22 23:15 WET
"organizador-gtests" time elapsed: 00:00:00
----------------------------------------------------------

3/3 Testing: user-gtests
3/3 Test: user-gtests
Command: "/home/enrique/Escritorio/FIN/IS/build/tests/user-test"
Directory: /home/enrique/Escritorio/FIN/IS/build/tests
"user-gtests" start time: Dec 22 23:15 WET
Output:
----------------------------------------------------------
[==========] Running 6 tests from 6 test suites.
[----------] Global test environment set-up.
[----------] 1 test from GetListaEventosPreinscritosTest
[ RUN      ] GetListaEventosPreinscritosTest.RetornaListaCorrecta
[       OK ] GetListaEventosPreinscritosTest.RetornaListaCorrecta (0 ms)
[----------] 1 test from GetListaEventosPreinscritosTest (0 ms total)

[----------] 1 test from SetListaEventosInscritosTest
[ RUN      ] SetListaEventosInscritosTest.EstableceListaCorrectamente
[       OK ] SetListaEventosInscritosTest.EstableceListaCorrectamente (0 ms)
[----------] 1 test from SetListaEventosInscritosTest (0 ms total)

[----------] 1 test from AddListaEventosInscritosTest
[ RUN      ] AddListaEventosInscritosTest.AgregaEventoCorrectamente
[       OK ] AddListaEventosInscritosTest.AgregaEventoCorrectamente (0 ms)
[----------] 1 test from AddListaEventosInscritosTest (0 ms total)

[----------] 1 test from MostrarEventosPreinscritoTest
[ RUN      ] MostrarEventosPreinscritoTest.MuestraEventosCorrectamente
[       OK ] MostrarEventosPreinscritoTest.MuestraEventosCorrectamente (0 ms)
[----------] 1 test from MostrarEventosPreinscritoTest (0 ms total)

[----------] 1 test from MostrarEventosInscritoTest
[ RUN      ] MostrarEventosInscritoTest.MuestraEventosCorrectamente
[       OK ] MostrarEventosInscritoTest.MuestraEventosCorrectamente (0 ms)
[----------] 1 test from MostrarEventosInscritoTest (0 ms total)

[----------] 1 test from UserClearTest
[ RUN      ] UserClearTest.LimpiaListasCorrectamente
[       OK ] UserClearTest.LimpiaListasCorrectamente (0 ms)
[----------] 1 test from UserClearTest (0 ms total)

[----------] Global test environment tear-down
[==========] 6 tests from 6 test suites ran. (0 ms total)
[  PASSED  ] 6 tests.
<end of output>
Test time =   0.00 sec
----------------------------------------------------------
Test Passed.
"user-gtests" end time: Dec 22 23:15 WET
"user-gtests" time elapsed: 00:00:00
----------------------------------------------------------

End testing: Dec 22 23:15 WET
